/*C2*/SET SCHEMA PUBLIC
DELETE FROM DATABASECHANGELOGLOCK WHERE ID=1
INSERT INTO DATABASECHANGELOGLOCK VALUES(1,FALSE,NULL,NULL)
COMMIT
INSERT INTO PRODUCT VALUES('62d8aa90-afc9-3809-4fb9-2aff5b2ab9e0','Chair',30.0E0)
COMMIT
INSERT INTO PRODUCT VALUES('fafa6778-dfaf-9b33-c4d8-afff04b3004a','Dining Table',40.0E0)
COMMIT
INSERT INTO PRODUCT VALUES('3ed3fe62-702d-7167-0426-c507ed88aae0','Sofa',100.0E0)
COMMIT
INSERT INTO PRODUCT VALUES('d3a7988b-7ccd-5514-ab46-cd59a2d0da26','Bookshelf',50.0E0)
COMMIT
INSERT INTO PRODUCT VALUES('fd8f1929-d219-89f1-4590-9942d9ea04d8','Bed Frame',80.0E0)
COMMIT
DISCONNECT
/*C3*/SET SCHEMA PUBLIC
DISCONNECT
/*C4*/SET SCHEMA PUBLIC
DISCONNECT
/*C5*/SET SCHEMA PUBLIC
DISCONNECT
/*C6*/SET SCHEMA PUBLIC
DISCONNECT
/*C7*/SET SCHEMA PUBLIC
DISCONNECT
/*C8*/SET SCHEMA PUBLIC
DISCONNECT
/*C9*/SET SCHEMA PUBLIC
DISCONNECT
/*C10*/SET SCHEMA PUBLIC
DISCONNECT
/*C11*/SET SCHEMA PUBLIC
DISCONNECT
